
Collecting usage statistics. To deactivate, set browser.gatherUsageStats to false.


  You can now view your Streamlit app in your browser.

  URL: http://0.0.0.0:8501

  Stopping...

Collecting usage statistics. To deactivate, set browser.gatherUsageStats to false.


  You can now view your Streamlit app in your browser.

  URL: http://0.0.0.0:8501

  Stopping...

Collecting usage statistics. To deactivate, set browser.gatherUsageStats to false.


  You can now view your Streamlit app in your browser.

  URL: http://0.0.0.0:8501

  Stopping...

Collecting usage statistics. To deactivate, set browser.gatherUsageStats to false.


  You can now view your Streamlit app in your browser.

  URL: http://0.0.0.0:8501

  Stopping...

Collecting usage statistics. To deactivate, set browser.gatherUsageStats to false.


  You can now view your Streamlit app in your browser.

  URL: http://0.0.0.0:8501

['sudo', 'nmcli', 'con', 'mod', 'ipstatic', 'ipv4.addresses', '192.168.1.241/9', 'ipv4.gateway', '192.168.1.1']
['sudo', 'nmcli', 'con', 'mod', 'ipstatic', 'connection.autoconnect', 'yes', 'connection.autoconnect-priority', '10']
['sudo', 'nmcli', 'con', 'mod', 'dhcp', 'connection.autoconnect', 'no', 'connection.autoconnect-priority', '-1']
['sudo', 'nmcli', 'con', 'up', 'ipstatic']
['sudo', 'nmcli', 'con', 'down', 'dhcp']
  Stopping...

Collecting usage statistics. To deactivate, set browser.gatherUsageStats to false.


  You can now view your Streamlit app in your browser.

  URL: http://0.0.0.0:8501

  Stopping...

Collecting usage statistics. To deactivate, set browser.gatherUsageStats to false.


  You can now view your Streamlit app in your browser.

  URL: http://0.0.0.0:8501

['sudo', 'nmcli', 'con', 'mod', 'ipstatic', 'ipv4.addresses', '192.168.1.241/9', 'ipv4.gateway', '192.168.1.1']
['sudo', 'nmcli', 'con', 'mod', 'ipstatic', 'connection.autoconnect', 'yes', 'connection.autoconnect-priority', '10']
['sudo', 'nmcli', 'con', 'mod', 'dhcp', 'connection.autoconnect', 'no', 'connection.autoconnect-priority', '-1']
['sudo', 'nmcli', 'con', 'up', 'ipstatic']
['sudo', 'nmcli', 'con', 'down', 'dhcp']
{'gateway': '192.168.1.1', 'mode': 'S', 'static_ip': '192.168.1.241/9'}
['sudo', 'nmcli', 'con', 'mod', 'ipstatic', 'ipv4.addresses', '192.168.1.241/9', 'ipv4.gateway', '192.168.1.1']
['sudo', 'nmcli', 'con', 'mod', 'ipstatic', 'connection.autoconnect', 'yes', 'connection.autoconnect-priority', '10']
['sudo', 'nmcli', 'con', 'mod', 'dhcp', 'connection.autoconnect', 'no', 'connection.autoconnect-priority', '-1']
['sudo', 'nmcli', 'con', 'up', 'ipstatic']
['sudo', 'nmcli', 'con', 'down', 'dhcp']
{'gateway': '192.168.1.1', 'mode': 'S', 'static_ip': '192.168.1.241/9'}
['sudo', 'nmcli', 'con', 'mod', 'ipstatic', 'ipv4.addresses', '192.168.1.241/9', 'ipv4.gateway', '192.168.1.1']
['sudo', 'nmcli', 'con', 'mod', 'ipstatic', 'connection.autoconnect', 'yes', 'connection.autoconnect-priority', '10']
['sudo', 'nmcli', 'con', 'mod', 'dhcp', 'connection.autoconnect', 'no', 'connection.autoconnect-priority', '-1']
['sudo', 'nmcli', 'con', 'up', 'ipstatic']
['sudo', 'nmcli', 'con', 'down', 'dhcp']
{'gateway': '192.168.1.1', 'mode': 'S', 'static_ip': '192.168.1.241/9'}
['sudo', 'nmcli', 'con', 'mod', 'ipstatic', 'ipv4.addresses', '192.168.1.241/24', 'ipv4.gateway', '192.168.1.1']
['sudo', 'nmcli', 'con', 'mod', 'ipstatic', 'connection.autoconnect', 'yes', 'connection.autoconnect-priority', '10']
['sudo', 'nmcli', 'con', 'mod', 'dhcp', 'connection.autoconnect', 'no', 'connection.autoconnect-priority', '-1']
['sudo', 'nmcli', 'con', 'up', 'ipstatic']
['sudo', 'nmcli', 'con', 'down', 'dhcp']
{'gateway': '192.168.1.1', 'mode': 'S', 'static_ip': '192.168.1.241/9'}
['sudo', 'nmcli', 'con', 'mod', 'ipstatic', 'ipv4.addresses', '192.168.1.241/24', 'ipv4.gateway', '192.168.1.1']
['sudo', 'nmcli', 'con', 'mod', 'ipstatic', 'connection.autoconnect', 'yes', 'connection.autoconnect-priority', '10']
['sudo', 'nmcli', 'con', 'mod', 'dhcp', 'connection.autoconnect', 'no', 'connection.autoconnect-priority', '-1']
['sudo', 'nmcli', 'con', 'up', 'ipstatic']
['sudo', 'nmcli', 'con', 'down', 'dhcp']
{'gateway': '192.168.1.1', 'mode': 'S', 'static_ip': '192.168.1.241/9'}
  Stopping...

Collecting usage statistics. To deactivate, set browser.gatherUsageStats to false.


  You can now view your Streamlit app in your browser.

  URL: http://0.0.0.0:8501

Connection successfully activated (D-Bus active path: /org/freedesktop/NetworkManager/ActiveConnection/18)
Error: 'dhcp' is not an active connection.
Error: no active connection provided.
Connection successfully activated (D-Bus active path: /org/freedesktop/NetworkManager/ActiveConnection/19)
Error: 'dhcp' is not an active connection.
Error: no active connection provided.
Connection successfully activated (D-Bus active path: /org/freedesktop/NetworkManager/ActiveConnection/20)
Error: 'dhcp' is not an active connection.
Error: no active connection provided.
Connection successfully activated (D-Bus active path: /org/freedesktop/NetworkManager/ActiveConnection/21)
Error: 'dhcp' is not an active connection.
Error: no active connection provided.
Connection successfully activated (D-Bus active path: /org/freedesktop/NetworkManager/ActiveConnection/22)
Error: 'dhcp' is not an active connection.
Error: no active connection provided.
Connection successfully activated (D-Bus active path: /org/freedesktop/NetworkManager/ActiveConnection/23)
Error: 'dhcp' is not an active connection.
Error: no active connection provided.
Connection successfully activated (D-Bus active path: /org/freedesktop/NetworkManager/ActiveConnection/24)
Error: 'dhcp' is not an active connection.
Error: no active connection provided.
2024-04-16 22:37:01.828 Uncaught app exception
Traceback (most recent call last):
  File "/home/smartrack/smartrack-pi/smartrack_pi/.venv/lib/python3.11/site-packages/streamlit/runtime/scriptrunner/script_runner.py", line 584, in _run_script
    exec(code, module.__dict__)
  File "/home/smartrack/smartrack-pi/smartrack_pi/app.py", line 19, in <module>
    st.page_link(f"[Companion](http://{ip}:8000)", label="Companion")
                                       ^^
NameError: name 'ip' is not defined
2024-04-16 22:37:23.301 Uncaught app exception
Traceback (most recent call last):
  File "/home/smartrack/smartrack-pi/smartrack_pi/.venv/lib/python3.11/site-packages/streamlit/runtime/scriptrunner/script_runner.py", line 584, in _run_script
    exec(code, module.__dict__)
  File "/home/smartrack/smartrack-pi/smartrack_pi/app.py", line 19, in <module>
    st.page_link(f"[Companion](http://{current_ip}:8000)", label="Companion")
  File "/home/smartrack/smartrack-pi/smartrack_pi/.venv/lib/python3.11/site-packages/streamlit/runtime/metrics_util.py", line 397, in wrapped_func
    result = non_optional_func(*args, **kwargs)
             ^^^^^^^^^^^^^^^^^^^^^^^^^^^^^^^^^^
  File "/home/smartrack/smartrack-pi/smartrack_pi/.venv/lib/python3.11/site-packages/streamlit/elements/widgets/button.py", line 527, in page_link
    return self._page_link(
           ^^^^^^^^^^^^^^^^
  File "/home/smartrack/smartrack-pi/smartrack_pi/.venv/lib/python3.11/site-packages/streamlit/elements/widgets/button.py", line 686, in _page_link
    raise StreamlitAPIException(
streamlit.errors.StreamlitAPIException: Could not find page: `[Companion](http://192.168.1.241:8000)`. Must be the file path relative to the main script, from the directory: `smartrack_pi`. Only the main app file and files in the `pages/` directory are supported.
2024-04-16 22:37:54.877 Uncaught app exception
Traceback (most recent call last):
  File "/home/smartrack/smartrack-pi/smartrack_pi/.venv/lib/python3.11/site-packages/streamlit/runtime/scriptrunner/script_runner.py", line 584, in _run_script
    exec(code, module.__dict__)
  File "/home/smartrack/smartrack-pi/smartrack_pi/app.py", line 21, in <module>
    st.set_page_config(initial_sidebar_state="collapsed")
  File "/home/smartrack/smartrack-pi/smartrack_pi/.venv/lib/python3.11/site-packages/streamlit/runtime/metrics_util.py", line 397, in wrapped_func
    result = non_optional_func(*args, **kwargs)
             ^^^^^^^^^^^^^^^^^^^^^^^^^^^^^^^^^^
  File "/home/smartrack/smartrack-pi/smartrack_pi/.venv/lib/python3.11/site-packages/streamlit/commands/page_config.py", line 229, in set_page_config
    ctx.enqueue(msg)
  File "/home/smartrack/smartrack-pi/smartrack_pi/.venv/lib/python3.11/site-packages/streamlit/runtime/scriptrunner/script_run_context.py", line 123, in enqueue
    raise StreamlitAPIException(
streamlit.errors.StreamlitAPIException: `set_page_config()` can only be called once per app page, and must be called as the first Streamlit command in your script.

For more information refer to the [docs](https://docs.streamlit.io/library/api-reference/utilities/st.set_page_config).
Connection successfully activated (D-Bus active path: /org/freedesktop/NetworkManager/ActiveConnection/25)
Error: 'dhcp' is not an active connection.
Error: no active connection provided.
Connection successfully activated (D-Bus active path: /org/freedesktop/NetworkManager/ActiveConnection/26)
Error: 'dhcp' is not an active connection.
Error: no active connection provided.
Connection successfully activated (D-Bus active path: /org/freedesktop/NetworkManager/ActiveConnection/27)
Error: 'dhcp' is not an active connection.
Error: no active connection provided.
2024-04-16 22:46:23.884 Uncaught app exception
Traceback (most recent call last):
  File "/home/smartrack/smartrack-pi/smartrack_pi/.venv/lib/python3.11/site-packages/streamlit/runtime/scriptrunner/script_runner.py", line 584, in _run_script
    exec(code, module.__dict__)
  File "/home/smartrack/smartrack-pi/smartrack_pi/app.py", line 40, in <module>
    submit = st.form_submit_button("Submit", callable=set_ip(ip, mask, gateway))
             ^^^^^^^^^^^^^^^^^^^^^^^^^^^^^^^^^^^^^^^^^^^^^^^^^^^^^^^^^^^^^^^^^^^
  File "/home/smartrack/smartrack-pi/smartrack_pi/.venv/lib/python3.11/site-packages/streamlit/runtime/metrics_util.py", line 397, in wrapped_func
    result = non_optional_func(*args, **kwargs)
             ^^^^^^^^^^^^^^^^^^^^^^^^^^^^^^^^^^
TypeError: FormMixin.form_submit_button() got an unexpected keyword argument 'callable'
Connection successfully activated (D-Bus active path: /org/freedesktop/NetworkManager/ActiveConnection/28)
Error: 'dhcp' is not an active connection.
Error: no active connection provided.
Connection successfully activated (D-Bus active path: /org/freedesktop/NetworkManager/ActiveConnection/29)
Error: 'dhcp' is not an active connection.
Error: no active connection provided.
Connection successfully activated (D-Bus active path: /org/freedesktop/NetworkManager/ActiveConnection/30)
Error: 'dhcp' is not an active connection.
Error: no active connection provided.
Connection successfully activated (D-Bus active path: /org/freedesktop/NetworkManager/ActiveConnection/31)
Error: 'dhcp' is not an active connection.
Error: no active connection provided.
Connection successfully activated (D-Bus active path: /org/freedesktop/NetworkManager/ActiveConnection/32)
Error: 'dhcp' is not an active connection.
Error: no active connection provided.
Connection successfully activated (D-Bus active path: /org/freedesktop/NetworkManager/ActiveConnection/33)
Error: 'dhcp' is not an active connection.
Error: no active connection provided.
Connection successfully activated (D-Bus active path: /org/freedesktop/NetworkManager/ActiveConnection/34)
Error: 'dhcp' is not an active connection.
Error: no active connection provided.
Connection successfully activated (D-Bus active path: /org/freedesktop/NetworkManager/ActiveConnection/35)
Error: 'dhcp' is not an active connection.
Error: no active connection provided.
Connection successfully activated (D-Bus active path: /org/freedesktop/NetworkManager/ActiveConnection/36)
Error: 'dhcp' is not an active connection.
Error: no active connection provided.
Connection successfully activated (D-Bus active path: /org/freedesktop/NetworkManager/ActiveConnection/37)
Error: 'dhcp' is not an active connection.
Error: no active connection provided.
Connection successfully activated (D-Bus active path: /org/freedesktop/NetworkManager/ActiveConnection/38)
Error: 'dhcp' is not an active connection.
Error: no active connection provided.
Connection successfully activated (D-Bus active path: /org/freedesktop/NetworkManager/ActiveConnection/39)
Error: 'dhcp' is not an active connection.
Error: no active connection provided.
Connection successfully activated (D-Bus active path: /org/freedesktop/NetworkManager/ActiveConnection/40)
Error: 'dhcp' is not an active connection.
Error: no active connection provided.
Connection successfully activated (D-Bus active path: /org/freedesktop/NetworkManager/ActiveConnection/41)
Error: 'dhcp' is not an active connection.
Error: no active connection provided.
Connection successfully activated (D-Bus active path: /org/freedesktop/NetworkManager/ActiveConnection/42)
Error: 'dhcp' is not an active connection.
Error: no active connection provided.
Connection successfully activated (D-Bus active path: /org/freedesktop/NetworkManager/ActiveConnection/43)
Error: 'dhcp' is not an active connection.
Error: no active connection provided.
Connection successfully activated (D-Bus active path: /org/freedesktop/NetworkManager/ActiveConnection/44)
Error: 'dhcp' is not an active connection.
Error: no active connection provided.
Connection successfully activated (D-Bus active path: /org/freedesktop/NetworkManager/ActiveConnection/45)
Error: 'dhcp' is not an active connection.
Error: no active connection provided.
Connection successfully activated (D-Bus active path: /org/freedesktop/NetworkManager/ActiveConnection/46)
Error: 'dhcp' is not an active connection.
Error: no active connection provided.
Connection successfully activated (D-Bus active path: /org/freedesktop/NetworkManager/ActiveConnection/47)
Error: 'dhcp' is not an active connection.
Error: no active connection provided.
Connection successfully activated (D-Bus active path: /org/freedesktop/NetworkManager/ActiveConnection/48)
Error: 'dhcp' is not an active connection.
Error: no active connection provided.
Connection successfully activated (D-Bus active path: /org/freedesktop/NetworkManager/ActiveConnection/49)
Error: 'dhcp' is not an active connection.
Error: no active connection provided.
Connection successfully activated (D-Bus active path: /org/freedesktop/NetworkManager/ActiveConnection/50)
Error: 'dhcp' is not an active connection.
Error: no active connection provided.
  Stopping...
